Dependency Analysis
- modules: 94
- circulars: 0
- orphans: 93 (first 20)
  *  thinking.sentient_adaptation_engine
  *  sensory.core.sensory_signal
  *  sensory.integration.sensory_cortex
  *  sensory.integrate.bayesian_integrator
  *  thinking.learning.real_time_learner
  *  trading.execution.fix_executor
  *  thinking.prediction.predictive_market_modeler
  *  data_foundation.ingest.fred_calendar
  *  sensory.organs.dimensions.when_organ
  *  sensory.organs.dimensions.how_organ
  *  sensory.organs.orderbook_organ
  *  sensory.organs.dimensions.sensory_signal
  *  trading.strategy_engine.strategy_engine
  *  validation.phase2d_integration_validator
  *  ui.ui_manager
  *  operational.fix_connection_manager
  *  validation.phase2c_validation_suite
  *  data_foundation.config.vol_config
  *  risk.risk_manager_impl
  *  validation.phase2d_simple_integration
