Dead code candidates (first 100):
-  src/core.py
-  src/phase2d_integration_validator.py
-  src/pnl.py
-  src/risk.py
-  src/phase3_integration.py
-  src/governance/strategy_registry.py
-  src/governance/token_manager.py
-  src/governance/human_gateway.py
-  src/governance/config_vault.py
-  src/governance/fitness_store.py
-  src/governance/models.py
-  src/governance/system_config.py
-  src/governance/safety_manager.py
-  src/governance/audit_logger.py
-  src/sentient/sentient_predator.py
-  src/sentient/learning/real_time_learning_engine.py
-  src/sentient/adaptation/adaptation_controller.py
-  src/sentient/memory/faiss_pattern_memory.py
-  src/domain/models.py
-  src/trading/trading_manager.py
-  src/trading/models.py
-  src/trading/monitoring/portfolio_monitor.py
-  src/trading/monitoring/parity_checker.py
-  src/trading/monitoring/performance_tracker.py
-  src/trading/monitoring/portfolio_tracker.py
-  src/trading/models/position.py
-  src/trading/models/order.py
-  src/trading/models/trade.py
-  src/trading/strategies/order_book_analyzer.py
-  src/trading/strategies/strategy_registry.py
-  src/trading/risk_management/assessment/dynamic_risk.py
-  src/trading/risk_management/position_sizing/kelly_criterion.py
-  src/trading/execution/liquidity_prober.py
-  src/trading/execution/fix_executor.py
-  src/trading/execution/execution_model.py
-  src/trading/strategy_engine/strategy_engine.py
-  src/trading/integration/fix_broker_interface.py
-  src/trading/risk/portfolio_caps.py
-  src/trading/portfolio/real_portfolio_monitor.py
-  src/sensory/advanced_data_feeds.py
-  src/sensory/models.py
-  src/sensory/indicators.py
-  src/sensory/real_sensory_organ.py
-  src/sensory/signals.py
-  src/sensory/advanced_data_feeds_complete.py
-  src/sensory/orchestration/master_orchestrator.py
-  src/sensory/how/how_sensor.py
-  src/sensory/anomaly/anomaly_sensor.py
-  src/sensory/organs/ctrader_data_organ.py
-  src/sensory/organs/volume_organ.py
-  src/sensory/organs/sentiment_organ.py
-  src/sensory/organs/yahoo_finance_organ.py
-  src/sensory/organs/economic_organ.py
-  src/sensory/organs/price_organ.py
-  src/sensory/organs/orderbook_organ.py
-  src/sensory/organs/fix_sensory_organ.py
-  src/sensory/organs/news_organ.py
-  src/sensory/organs/analyzers/anomaly_organ.py
-  src/sensory/organs/dimensions/anomaly_dimension.py
-  src/sensory/organs/dimensions/pattern_engine.py
-  src/sensory/organs/dimensions/integration_orchestrator.py
-  src/sensory/organs/dimensions/when_organ.py
-  src/sensory/organs/dimensions/sensory_signal.py
-  src/sensory/organs/dimensions/how_organ.py
-  src/sensory/organs/dimensions/real_sensory_organ.py
-  src/sensory/organs/dimensions/anomaly_detection.py
-  src/sensory/organs/dimensions/temporal_system.py
-  src/sensory/organs/dimensions/chaos_adaptation.py
-  src/sensory/organs/dimensions/why_organ.py
-  src/sensory/organs/dimensions/macro_intelligence.py
-  src/sensory/organs/dimensions/chaos_dimension.py
-  src/sensory/organs/dimensions/institutional_tracker.py
-  src/sensory/organs/dimensions/what_organ.py
-  src/sensory/organs/dimensions/base_organ.py
-  src/sensory/organs/dimensions/utils.py
-  src/sensory/organs/dimensions/data_integration.py
-  src/sensory/what/what_sensor.py
-  src/sensory/why/why_sensor.py
-  src/sensory/tests/test_integration.py
-  src/sensory/integration/cross_modal.py
-  src/sensory/integration/sensory_cortex.py
-  src/sensory/when/when_sensor.py
-  src/sensory/examples/complete_demo.py
-  src/sensory/dimensions/indicators.py
-  src/sensory/dimensions/microstructure.py
-  src/sensory/dimensions/what/volatility_engine.py
-  src/sensory/dimensions/why/yield_signal.py
-  src/sensory/dimensions/why/macro_signal.py
-  src/sensory/core/sensory_signal.py
-  src/sensory/core/base.py
-  src/sensory/core/real_sensory_organ.py
-  src/sensory/core/utils.py
-  src/sensory/core/data_integration.py
-  src/sensory/services/symbol_mapper.py
-  src/sensory/integrate/bayesian_integrator.py
-  src/operational/icmarkets_symbol_discovery.py
-  src/operational/health_monitor.py
-  src/operational/event_bus.py
-  src/operational/metrics.py
-  src/operational/mock_fix.py
Total candidates: 230
